<?xml version="1.0" encoding="UTF-8"?>
<!-- Generated by org.testng.reporters.JUnitXMLReporter -->
<testsuite hostname="Mamun-PC" ignored="0" name="Test" tests="1" failures="0" timestamp="24 Nov 2018 17:58:03 GMT" time="0.068" errors="0">
  <testcase name="@BeforeClass loginToBank" time="0.0" classname="org.zia.selenium.ddt.BankLoginExcel">
    <failure type="org.testng.TestNGException" message="
Can inject only one of &amp;lt;ITestContext, XmlTest&amp;gt; into a @BeforeClass annotated loginToBank.
For more information on native dependency injection please refer to http://testng.org/doc/documentation-main.html#native-dependency-injection">
      <![CDATA[org.testng.TestNGException: 
Can inject only one of <ITestContext, XmlTest> into a @BeforeClass annotated loginToBank.
For more information on native dependency injection please refer to http://testng.org/doc/documentation-main.html#native-dependency-injection
... Removed 23 stack frames]]>
    </failure>
  </testcase> <!-- @BeforeClass loginToBank -->
  <testcase name="@AfterClass teardown" time="0.0" classname="org.zia.selenium.ddt.BankLoginExcel">
    <skipped/>
  </testcase> <!-- @AfterClass teardown -->
  <testcase name="loginToBank" time="0.0" classname="org.zia.selenium.ddt.BankLoginExcel">
    <skipped/>
  </testcase> <!-- loginToBank -->
</testsuite> <!-- Test -->
